#
# There is insufficient memory for the Java Runtime Environment to continue.
# Native memory allocation (mmap) failed to map 264241152 bytes. Error detail: G1 virtual space
# Possible reasons:
#   The system is out of physical RAM or swap space
#   This process is running with CompressedOops enabled, and the Java Heap may be blocking the growth of the native heap
# Possible solutions:
#   Reduce memory load on the system
#   Increase physical memory or swap space
#   Check if swap backing store is full
#   Decrease Java heap size (-Xmx/-Xms)
#   Decrease number of Java threads
#   Decrease Java thread stack sizes (-Xss)
#   Set larger code cache with -XX:ReservedCodeCacheSize=
#   JVM is running with Zero Based Compressed Oops mode in which the Java heap is
#     placed in the first 32GB address space. The Java Heap base address is the
#     maximum limit for the native heap growth. Please use -XX:HeapBaseMinAddress
#     to set the Java Heap base and to place the Java Heap above 32GB virtual address.
# This output file may be truncated or incomplete.
#
#  Out of Memory Error (os_windows.cpp:3828), pid=19748, tid=19060
#
# JRE version:  (21.0.5+8) (build )
# Java VM: OpenJDK 64-Bit Server VM (21.0.5+8-b631.30, mixed mode, sharing, tiered, compressed oops, compressed class ptrs, g1 gc, windows-amd64)
# No core dump will be written. Minidumps are not enabled by default on client versions of Windows
#

---------------  S U M M A R Y ------------

Command Line: git4idea.http.GitAskPassApp Username for 'https://github.com': 

Host: 11th Gen Intel(R) Core(TM) i7-11800H @ 2.30GHz, 16 cores, 15G,  Windows 10 , 64 bit Build 19041 (10.0.19041.5438)
Time: Tue Feb 18 11:13:07 2025  Windows 10 , 64 bit Build 19041 (10.0.19041.5438) elapsed time: 0.011393 seconds (0d 0h 0m 0s)

---------------  T H R E A D  ---------------

Current thread (0x000001d6825a0730):  JavaThread "Unknown thread" [_thread_in_vm, id=19060, stack(0x0000004646700000,0x0000004646800000) (1024K)]

Stack: [0x0000004646700000,0x0000004646800000]
Native frames: (J=compiled Java code, j=interpreted, Vv=VM code, C=native code)
V  [jvm.dll+0x6e52b9]
V  [jvm.dll+0x8c3633]
V  [jvm.dll+0x8c5b8e]
V  [jvm.dll+0x8c6273]
V  [jvm.dll+0x288f46]
V  [jvm.dll+0x6e1a35]
V  [jvm.dll+0x6d5e3a]
V  [jvm.dll+0x3634bb]
V  [jvm.dll+0x36b086]
V  [jvm.dll+0x3bd346]
V  [jvm.dll+0x3bd618]
V  [jvm.dll+0x335c2c]
V  [jvm.dll+0x33691b]
V  [jvm.dll+0x88aa89]
V  [jvm.dll+0x3ca518]
V  [jvm.dll+0x873b98]
V  [jvm.dll+0x45eede]
V  [jvm.dll+0x460bc1]
C  [jli.dll+0x52ab]
C  [ucrtbase.dll+0x21bb2]
C  [KERNEL32.DLL+0x17374]
C  [ntdll.dll+0x4cc91]


---------------  P R O C E S S  ---------------

Threads class SMR info:
_java_thread_list=0x00007fff06fba148, length=0, elements={
}

Java Threads: ( => current thread )
Total: 0

Other Threads:
  0x000001d6847e1490 WorkerThread "GC Thread#0"                     [id=6056, stack(0x0000004646800000,0x0000004646900000) (1024K)]
  0x000001d6847f2f90 ConcurrentGCThread "G1 Main Marker"            [id=9684, stack(0x0000004646900000,0x0000004646a00000) (1024K)]
  0x000001d6847f59b0 WorkerThread "G1 Conc#0"                       [id=9712, stack(0x0000004646a00000,0x0000004646b00000) (1024K)]

[error occurred during error reporting (printing all threads), id 0xc0000005, EXCEPTION_ACCESS_VIOLATION (0xc0000005) at pc=0x00007fff066a8ce7]
VM state: not at safepoint (not fully initialized)

VM Mutex/Monitor currently owned by a thread:  ([mutex/lock_event])
[0x00007fff0702eb30] Heap_lock - owner thread: 0x000001d6825a0730

Heap address: 0x0000000705a00000, size: 4006 MB, Compressed Oops mode: Zero based, Oop shift amount: 3

CDS archive(s) mapped at: [0x0000000000000000-0x0000000000000000-0x0000000000000000), size 0, SharedBaseAddress: 0x0000000800000000, ArchiveRelocationMode: 1.
Narrow klass base: 0x0000000000000000, Narrow klass shift: 0, Narrow klass range: 0x0

GC Precious Log:
 CardTable entry size: 512
 Card Set container configuration: InlinePtr #cards 4 size 8 Array Of Cards #cards 16 size 48 Howl #buckets 8 coarsen threshold 3686 Howl Bitmap #cards 512 size 80 coarsen threshold 460 Card regions per heap region 1 cards per card region 4096

Heap:
 garbage-first heap   total 0K, used 0K [0x0000000705a00000, 0x0000000800000000)
  region size 2048K, 0 young (0K), 0 survivors (0K)
 Metaspace       used 0K, committed 0K, reserved 0K
  class space    used 0K, committed 0K, reserved 0K

Heap Regions: E=young(eden), S=young(survivor), O=old, HS=humongous(starts), HC=humongous(continues), CS=collection set, F=free, TAMS=top-at-mark-start, PB=parsable bottom

Card table byte_map: [0x000001d698780000,0x000001d698f60000] _byte_map_base: 0x000001d694f53000

Marking Bits: (CMBitMap*) 0x000001d6847e2ab0
 Bits: [0x000001d698f60000, 0x000001d69cdf8000)

GC Heap History (0 events):
No events

Dll operation events (1 events):
Event: 0.006 Loaded shared library D:\PyCharm Community Edition 2024.3.2\jbr\bin\java.dll

Deoptimization events (0 events):
No events

Classes loaded (0 events):
No events

Classes unloaded (0 events):
No events

Classes redefined (0 events):
No events

Internal exceptions (0 events):
No events

ZGC Phase Switch (0 events):
No events

VM Operations (0 events):
No events

Memory protections (0 events):
No events

Nmethod flushes (0 events):
No events

Events (0 events):
No events


Dynamic libraries:
0x00007ff76dfc0000 - 0x00007ff76dfca000 	D:\PyCharm Community Edition 2024.3.2\jbr\bin\java.exe
0x00007fff7c3b0000 - 0x00007fff7c5a8000 	C:\windows\SYSTEM32\ntdll.dll
0x00007fff7b180000 - 0x00007fff7b242000 	C:\windows\System32\KERNEL32.DLL
0x00007fff79e20000 - 0x00007fff7a11f000 	C:\windows\System32\KERNELBASE.dll
0x00007fff79d20000 - 0x00007fff79e20000 	C:\windows\System32\ucrtbase.dll
0x00007fff6f790000 - 0x00007fff6f7a8000 	D:\PyCharm Community Edition 2024.3.2\jbr\bin\jli.dll
0x00007fff58fe0000 - 0x00007fff58ffb000 	D:\PyCharm Community Edition 2024.3.2\jbr\bin\VCRUNTIME140.dll
0x00007fff7a670000 - 0x00007fff7a80d000 	C:\windows\System32\USER32.dll
0x00007fff5aca0000 - 0x00007fff5af3a000 	C:\windows\WinSxS\amd64_microsoft.windows.common-controls_6595b64144ccf1df_6.0.19041.4355_none_60b8b9eb71f62e16\COMCTL32.dll
0x00007fff79a50000 - 0x00007fff79a72000 	C:\windows\System32\win32u.dll
0x00007fff7af80000 - 0x00007fff7b01e000 	C:\windows\System32\msvcrt.dll
0x00007fff7ae40000 - 0x00007fff7ae6b000 	C:\windows\System32\GDI32.dll
0x00007fff79a80000 - 0x00007fff79b9a000 	C:\windows\System32\gdi32full.dll
0x00007fff7a1d0000 - 0x00007fff7a26d000 	C:\windows\System32\msvcp_win.dll
0x00007fff7baf0000 - 0x00007fff7bb1f000 	C:\windows\System32\IMM32.DLL
0x00007fff72f70000 - 0x00007fff72f7c000 	D:\PyCharm Community Edition 2024.3.2\jbr\bin\vcruntime140_1.dll
0x00007fff08150000 - 0x00007fff081dd000 	D:\PyCharm Community Edition 2024.3.2\jbr\bin\msvcp140.dll
0x00007fff06360000 - 0x00007fff07121000 	D:\PyCharm Community Edition 2024.3.2\jbr\bin\server\jvm.dll
0x00007fff7a5c0000 - 0x00007fff7a66f000 	C:\windows\System32\ADVAPI32.dll
0x00007fff7bcd0000 - 0x00007fff7bd6f000 	C:\windows\System32\sechost.dll
0x00007fff7a810000 - 0x00007fff7a933000 	C:\windows\System32\RPCRT4.dll
0x00007fff79ba0000 - 0x00007fff79bc7000 	C:\windows\System32\bcrypt.dll
0x00007fff7add0000 - 0x00007fff7ae3b000 	C:\windows\System32\WS2_32.dll
0x00007fff78f90000 - 0x00007fff78fdb000 	C:\windows\SYSTEM32\POWRPROF.dll
0x00007fff6f610000 - 0x00007fff6f61a000 	C:\windows\SYSTEM32\VERSION.dll
0x00007fff5fe30000 - 0x00007fff5fe57000 	C:\windows\SYSTEM32\WINMM.dll
0x00007fff78e50000 - 0x00007fff78e62000 	C:\windows\SYSTEM32\UMPDC.dll
0x00007fff78270000 - 0x00007fff78282000 	C:\windows\SYSTEM32\kernel.appcore.dll
0x00007fff72e20000 - 0x00007fff72e2a000 	D:\PyCharm Community Edition 2024.3.2\jbr\bin\jimage.dll
0x00007fff777b0000 - 0x00007fff77994000 	C:\windows\SYSTEM32\DBGHELP.DLL
0x00007fff50400000 - 0x00007fff50434000 	C:\windows\SYSTEM32\dbgcore.DLL
0x00007fff79c90000 - 0x00007fff79d12000 	C:\windows\System32\bcryptPrimitives.dll
0x00007fff47320000 - 0x00007fff47340000 	D:\PyCharm Community Edition 2024.3.2\jbr\bin\java.dll

dbghelp: loaded successfully - version: 4.0.5 - missing functions: none
symbol engine: initialized successfully - sym options: 0x614 - pdb path: .;D:\PyCharm Community Edition 2024.3.2\jbr\bin;C:\windows\SYSTEM32;C:\windows\WinSxS\amd64_microsoft.windows.common-controls_6595b64144ccf1df_6.0.19041.4355_none_60b8b9eb71f62e16;D:\PyCharm Community Edition 2024.3.2\jbr\bin\server

VM Arguments:
java_command: git4idea.http.GitAskPassApp Username for 'https://github.com': 
java_class_path (initial): D:/PyCharm Community Edition 2024.3.2/plugins/vcs-git/lib/git4idea-rt.jar;D:/PyCharm Community Edition 2024.3.2/lib/externalProcess-rt.jar
Launcher Type: SUN_STANDARD

[Global flags]
     intx CICompilerCount                          = 12                                        {product} {ergonomic}
     uint ConcGCThreads                            = 3                                         {product} {ergonomic}
     uint G1ConcRefinementThreads                  = 13                                        {product} {ergonomic}
   size_t G1HeapRegionSize                         = 2097152                                   {product} {ergonomic}
    uintx GCDrainStackTargetSize                   = 64                                        {product} {ergonomic}
   size_t InitialHeapSize                          = 264241152                                 {product} {ergonomic}
   size_t MarkStackSize                            = 4194304                                   {product} {ergonomic}
   size_t MaxHeapSize                              = 4200595456                                {product} {ergonomic}
   size_t MinHeapDeltaBytes                        = 2097152                                   {product} {ergonomic}
   size_t MinHeapSize                              = 8388608                                   {product} {ergonomic}
    uintx NonNMethodCodeHeapSize                   = 7602480                                {pd product} {ergonomic}
    uintx NonProfiledCodeHeapSize                  = 122027880                              {pd product} {ergonomic}
    uintx ProfiledCodeHeapSize                     = 122027880                              {pd product} {ergonomic}
    uintx ReservedCodeCacheSize                    = 251658240                              {pd product} {ergonomic}
     bool SegmentedCodeCache                       = true                                      {product} {ergonomic}
   size_t SoftMaxHeapSize                          = 4200595456                             {manageable} {ergonomic}
     bool UseCompressedOops                        = true                           {product lp64_product} {ergonomic}
     bool UseG1GC                                  = true                                      {product} {ergonomic}
     bool UseLargePagesIndividualAllocation        = false                                  {pd product} {ergonomic}

Logging:
Log output configuration:
 #0: stdout all=warning uptime,level,tags foldmultilines=false
 #1: stderr all=off uptime,level,tags foldmultilines=false

Environment Variables:
PATH=C:/Program Files/Git/mingw64/libexec/git-core;C:/Program Files/Git/mingw64/libexec/git-core;C:\Program Files\Git\mingw64\bin;C:\Program Files\Git\usr\bin;C:\Users\gerar\bin;D:\abc;D:\abc\Library\mingw-w64\bin;D:\abc\Library\usr\bin;D:\abc\Library\bin;D:\abc\Scripts;D:\abc\bin;D:\abc\condabin;C:\Program Files\Common Files\Oracle\Java\javapath;C:\windows\system32;C:\windows;C:\windows\System32\Wbem;C:\windows\System32\WindowsPowerShell\v1.0;C:\windows\System32\OpenSSH;C:\Program Files (x86)\NVIDIA Corporation\PhysX\Common;C:\Program Files (x86)\gnupg\bin;C:\Program Files\Git\cmd;C:\Users\gerar\AppData\Roaming\Python\Python39\Scripts;.;C:\Program Files\Docker\Docker\resources\bin;C:\Program Files\HP\HP One Agent;C:\Program Files\NVIDIA Corporation\NVIDIA app\NvDLISR;C:\Users\gerar\AppData\Local\Programs\Python\Launcher;C:\Users\gerar\AppData\Local\Microsoft\WindowsApps;.;E:\DriverGenius;E:\DriverGenius\ksoft
USERNAME=gerar
DISPLAY=:0.0
LC_ALL=en_US.UTF-8
TERM=xterm-256color
TMPDIR=C:\Users\gerar\AppData\Local\Temp
OS=Windows_NT
PROCESSOR_IDENTIFIER=Intel64 Family 6 Model 141 Stepping 1, GenuineIntel
TMP=C:\Users\gerar\AppData\Local\Temp
TEMP=C:\Users\gerar\AppData\Local\Temp




Periodic native trim disabled

JNI global refs:
JNI global refs: 0, weak refs: 0

JNI global refs memory usage: 0, weak refs: 0

Process memory usage:
Resident Set Size: 11176K (0% of 16406244K total physical memory with 858500K free physical memory)

OOME stack traces (most recent first):
Classloader memory used:

---------------  S Y S T E M  ---------------

OS:
 Windows 10 , 64 bit Build 19041 (10.0.19041.5438)
OS uptime: 1 days 19:56 hours
Hyper-V role detected

CPU: total 16 (initial active 16) (8 cores per cpu, 2 threads per core) family 6 model 141 stepping 1 microcode 0x2c, cx8, cmov, fxsr, ht, mmx, 3dnowpref, sse, sse2, sse3, ssse3, sse4.1, sse4.2, popcnt, lzcnt, tsc, tscinvbit, avx, avx2, aes, erms, clmul, bmi1, bmi2, adx, avx512f, avx512dq, avx512cd, avx512bw, avx512vl, sha, fma, vzeroupper, avx512_vpopcntdq, avx512_vpclmulqdq, avx512_vaes, avx512_vnni, clflush, clflushopt, clwb, avx512_vbmi2, avx512_vbmi, hv, rdtscp, rdpid, fsrm, gfni, avx512_bitalg, f16c, cet_ibt, cet_ss, avx512_ifma
Processor Information for all 16 processors :
  Max Mhz: 2304, Current Mhz: 2304, Mhz Limit: 2304

Memory: 4k page, system-wide physical 16021M (838M free)
TotalPageFile size 16021M (AvailPageFile size 246M)
current process WorkingSet (physical memory assigned to process): 10M, peak: 10M
current process commit charge ("private bytes"): 70M, peak: 322M

vm_info: OpenJDK 64-Bit Server VM (21.0.5+8-b631.30) for windows-amd64 JRE (21.0.5+8-b631.30), built on 2024-12-06 by "builduser" with MS VC++ 16.10 / 16.11 (VS2019)

END.
